[2021-11-06 08:14:04.367] [exthost] [info] extension host started
[2021-11-06 08:14:04.469] [exthost] [info] Lock '/home/ansible/.vscode-server/data/User/workspaceStorage/3bdfaa26792b7c1fa6dc106d43eff378/vscode.lock': Lock acquired.
[2021-11-06 08:14:04.655] [exthost] [info] ExtensionService#_doActivateExtension vscode.debug-auto-launch {"startup":true,"extensionId":{"value":"vscode.debug-auto-launch","_lower":"vscode.debug-auto-launch"},"activationEvent":"*"}
[2021-11-06 08:14:04.656] [exthost] [info] ExtensionService#loadCommonJSModule file:///home/ansible/.vscode-server/bin/c3f126316369cd610563c75b1b1725e0679adfb3/extensions/debug-auto-launch/dist/extension
[2021-11-06 08:14:04.696] [exthost] [info] ExtensionService#_doActivateExtension vscode.git {"startup":true,"extensionId":{"value":"vscode.github","_lower":"vscode.github"},"activationEvent":"*"}
[2021-11-06 08:14:04.696] [exthost] [info] ExtensionService#loadCommonJSModule file:///home/ansible/.vscode-server/bin/c3f126316369cd610563c75b1b1725e0679adfb3/extensions/git/dist/main
[2021-11-06 08:14:05.677] [exthost] [info] ExtensionService#_doActivateExtension vscode.github {"startup":true,"extensionId":{"value":"vscode.github","_lower":"vscode.github"},"activationEvent":"*"}
[2021-11-06 08:14:05.677] [exthost] [info] ExtensionService#loadCommonJSModule file:///home/ansible/.vscode-server/bin/c3f126316369cd610563c75b1b1725e0679adfb3/extensions/github/dist/extension.js
[2021-11-06 08:14:05.895] [exthost] [info] ExtensionService#_doActivateExtension vscode.emmet {"startup":false,"extensionId":{"value":"vscode.emmet","_lower":"vscode.emmet"},"activationEvent":"onStartupFinished"}
[2021-11-06 08:14:05.895] [exthost] [info] ExtensionService#loadCommonJSModule file:///home/ansible/.vscode-server/bin/c3f126316369cd610563c75b1b1725e0679adfb3/extensions/emmet/dist/node/emmetNodeMain
[2021-11-06 08:14:05.980] [exthost] [info] ExtensionService#_doActivateExtension vscode.merge-conflict {"startup":false,"extensionId":{"value":"vscode.merge-conflict","_lower":"vscode.merge-conflict"},"activationEvent":"onStartupFinished"}
[2021-11-06 08:14:05.980] [exthost] [info] ExtensionService#loadCommonJSModule file:///home/ansible/.vscode-server/bin/c3f126316369cd610563c75b1b1725e0679adfb3/extensions/merge-conflict/dist/mergeConflictMain
[2021-11-06 08:14:05.999] [exthost] [info] ExtensionService#_doActivateExtension vscode.testing-editor-contributions {"startup":false,"extensionId":{"value":"vscode.testing-editor-contributions","_lower":"vscode.testing-editor-contributions"},"activationEvent":"onStartupFinished"}
[2021-11-06 08:14:06.000] [exthost] [info] ExtensionService#loadCommonJSModule file:///home/ansible/.vscode-server/bin/c3f126316369cd610563c75b1b1725e0679adfb3/extensions/testing-editor-contributions/dist/extension.js
[2021-11-06 08:14:06.002] [exthost] [info] eager extensions activated
[2021-11-06 08:14:06.274] [exthost] [info] ExtensionService#_doActivateExtension ms-vscode.js-debug {"startup":false,"extensionId":{"value":"ms-vscode.js-debug","_lower":"ms-vscode.js-debug"},"activationEvent":"onCommand:extension.js-debug.clearAutoAttachVariables"}
[2021-11-06 08:14:06.275] [exthost] [info] ExtensionService#loadCommonJSModule file:///home/ansible/.vscode-server/bin/c3f126316369cd610563c75b1b1725e0679adfb3/extensions/ms-vscode.js-debug/src/extension.js
[2021-11-06 12:48:38.611] [exthost] [info] extension host terminating: received terminate message from renderer
[2021-11-06 12:48:38.614] [exthost] [info] Lock '/home/ansible/.vscode-server/data/User/workspaceStorage/3bdfaa26792b7c1fa6dc106d43eff378/vscode.lock': Marking the lockfile as scheduled to be released in 6000 ms.
[2021-11-06 12:48:39.727] [exthost] [info] exiting with code 0
