[2022-04-11 23:33:04.869] [exthost] [info] extension host started
[2022-04-11 23:33:04.903] [exthost] [info] Lock '/home/ansible/.vscode-server/data/User/workspaceStorage/3bdfaa26792b7c1fa6dc106d43eff378/vscode.lock': Lock acquired.
[2022-04-11 23:33:04.951] [exthost] [info] ExtensionService#_doActivateExtension vscode.debug-auto-launch {"startup":true,"extensionId":{"value":"vscode.debug-auto-launch","_lower":"vscode.debug-auto-launch"},"activationEvent":"*"}
[2022-04-11 23:33:04.984] [exthost] [info] ExtensionService#loadCommonJSModule file:///home/ansible/.vscode-server/bin/c3f126316369cd610563c75b1b1725e0679adfb3/extensions/debug-auto-launch/dist/extension
[2022-04-11 23:33:04.989] [exthost] [info] ExtensionService#_doActivateExtension vscode.git {"startup":true,"extensionId":{"value":"vscode.github","_lower":"vscode.github"},"activationEvent":"*"}
[2022-04-11 23:33:04.989] [exthost] [info] ExtensionService#loadCommonJSModule file:///home/ansible/.vscode-server/bin/c3f126316369cd610563c75b1b1725e0679adfb3/extensions/git/dist/main
[2022-04-11 23:33:05.248] [exthost] [info] ExtensionService#_doActivateExtension vscode.github {"startup":true,"extensionId":{"value":"vscode.github","_lower":"vscode.github"},"activationEvent":"*"}
[2022-04-11 23:33:05.248] [exthost] [info] ExtensionService#loadCommonJSModule file:///home/ansible/.vscode-server/bin/c3f126316369cd610563c75b1b1725e0679adfb3/extensions/github/dist/extension.js
[2022-04-11 23:33:05.316] [exthost] [info] ExtensionService#_doActivateExtension vscode.emmet {"startup":false,"extensionId":{"value":"vscode.emmet","_lower":"vscode.emmet"},"activationEvent":"onStartupFinished"}
[2022-04-11 23:33:05.316] [exthost] [info] ExtensionService#loadCommonJSModule file:///home/ansible/.vscode-server/bin/c3f126316369cd610563c75b1b1725e0679adfb3/extensions/emmet/dist/node/emmetNodeMain
[2022-04-11 23:33:05.354] [exthost] [info] ExtensionService#_doActivateExtension vscode.merge-conflict {"startup":false,"extensionId":{"value":"vscode.merge-conflict","_lower":"vscode.merge-conflict"},"activationEvent":"onStartupFinished"}
[2022-04-11 23:33:05.354] [exthost] [info] ExtensionService#loadCommonJSModule file:///home/ansible/.vscode-server/bin/c3f126316369cd610563c75b1b1725e0679adfb3/extensions/merge-conflict/dist/mergeConflictMain
[2022-04-11 23:33:05.357] [exthost] [info] ExtensionService#_doActivateExtension vscode.testing-editor-contributions {"startup":false,"extensionId":{"value":"vscode.testing-editor-contributions","_lower":"vscode.testing-editor-contributions"},"activationEvent":"onStartupFinished"}
[2022-04-11 23:33:05.357] [exthost] [info] ExtensionService#loadCommonJSModule file:///home/ansible/.vscode-server/bin/c3f126316369cd610563c75b1b1725e0679adfb3/extensions/testing-editor-contributions/dist/extension.js
[2022-04-11 23:33:05.358] [exthost] [info] eager extensions activated
[2022-04-11 23:33:05.544] [exthost] [info] ExtensionService#_doActivateExtension ms-vscode.js-debug {"startup":false,"extensionId":{"value":"ms-vscode.js-debug","_lower":"ms-vscode.js-debug"},"activationEvent":"onCommand:extension.js-debug.clearAutoAttachVariables"}
[2022-04-11 23:33:05.544] [exthost] [info] ExtensionService#loadCommonJSModule file:///home/ansible/.vscode-server/bin/c3f126316369cd610563c75b1b1725e0679adfb3/extensions/ms-vscode.js-debug/src/extension.js
[2022-04-12 00:22:59.241] [exthost] [info] extension host terminating: renderer disconnected for too long (2)
[2022-04-12 00:22:59.242] [exthost] [info] Lock '/home/ansible/.vscode-server/data/User/workspaceStorage/3bdfaa26792b7c1fa6dc106d43eff378/vscode.lock': Marking the lockfile as scheduled to be released in 6000 ms.
[2022-04-12 00:23:00.248] [exthost] [info] exiting with code 0
